[debug] [2022-10-08T01:03:52.687Z] ----------------------------------------------------------------------
[debug] [2022-10-08T01:03:52.689Z] Command:       C:\nodejs\node.exe C:\nodejs\node_modules\firebase-tools\lib\bin\firebase.js init
[debug] [2022-10-08T01:03:52.689Z] CLI Version:   11.14.1
[debug] [2022-10-08T01:03:52.689Z] Platform:      win32
[debug] [2022-10-08T01:03:52.689Z] Node Version:  v14.20.0
[debug] [2022-10-08T01:03:52.690Z] Time:          Fri Oct 07 2022 21:03:52 GMT-0400 (Eastern Daylight Time)
[debug] [2022-10-08T01:03:52.690Z] ----------------------------------------------------------------------
[debug] 
[debug] [2022-10-08T01:03:52.695Z] > command requires scopes: ["email","openid","https://www.googleapis.com/auth/cloudplatformprojects.readonly","https://www.googleapis.com/auth/firebase","https://www.googleapis.com/auth/cloud-platform"]
[debug] [2022-10-08T01:03:52.695Z] > authorizing via signed-in user (krisbert@krisbert.dev)
[info] 
     ######## #### ########  ######## ########     ###     ######  ########
     ##        ##  ##     ## ##       ##     ##  ##   ##  ##       ##
     ######    ##  ########  ######   ########  #########  ######  ######
     ##        ##  ##    ##  ##       ##     ## ##     ##       ## ##
     ##       #### ##     ## ######## ########  ##     ##  ######  ########

You're about to initialize a Firebase project in this directory:

  C:\Users\Krisb\OneDrive\Documents\Programs\portfoliofinal

[info] 
=== Project Setup
[info] 
[info] First, let's associate this project directory with a Firebase project.
[info] You can create multiple project aliases by running firebase use --add, 
[info] but for now we'll just set up a default project.
[info] 
[debug] [2022-10-08T01:04:14.648Z] >>> [apiv2][query] GET https://firebase.googleapis.com/v1beta1/projects pageSize=100
[debug] [2022-10-08T01:04:15.095Z] <<< [apiv2][status] GET https://firebase.googleapis.com/v1beta1/projects 200
[debug] [2022-10-08T01:04:15.095Z] <<< [apiv2][body] GET https://firebase.googleapis.com/v1beta1/projects [omitted]
[info] i  Using project portfolio-353eb (portfolio) 
[info] 
=== Hosting Setup
[info] 
[info] Your public directory is the folder (relative to your project directory) that
[info] will contain Hosting assets to be uploaded with firebase deploy. If you
[info] have a build process for your assets, use your build's output directory.
[info] 
